2021-07-26 21:15:30 INFO  class:19 - In School Management
2021-07-26 21:54:35 INFO  class:19 - In School Management
2021-07-26 21:56:30 INFO  class:19 - In School Management
2021-07-26 22:03:52 INFO  class:21 - In School Management
2021-07-26 22:08:54 INFO  class:21 - In School Management
2021-07-26 22:14:46 INFO  class:21 - In School Management
2021-07-26 22:30:28 INFO  class:21 - In School Management Application
2021-07-26 22:31:37 INFO  class:16 - In School Management Controller
2021-07-26 22:31:37 INFO  class:17 - In Add Student Details Method
2021-07-26 22:31:37 INFO  class:18 - In Add Student Details Method
2021-07-26 22:31:37 INFO  class:22 - In Add Student Details Method
2021-07-26 23:10:07 INFO  class:21 - In School Management Student Application
2021-07-26 23:10:48 INFO  class:16 - In School Management Student Controller
2021-07-26 23:10:48 INFO  class:17 - In Add Student Details Method
2021-07-26 23:10:48 INFO  class:18 - In School Management Student Service
2021-07-26 23:10:48 INFO  class:19 - In Add Student Details Method
2021-07-26 23:10:48 INFO  class:22 - In School Management Student DAO
2021-07-26 23:10:48 INFO  class:23 - In Add Student Details Method
2021-07-26 23:11:27 INFO  class:16 - In School Management Student Controller
2021-07-26 23:11:27 INFO  class:17 - In Add Student Details Method
2021-07-26 23:11:27 INFO  class:18 - In School Management Student Service
2021-07-26 23:11:27 INFO  class:19 - In Add Student Details Method
2021-07-26 23:11:27 INFO  class:22 - In School Management Student DAO
2021-07-26 23:11:27 INFO  class:23 - In Add Student Details Method
2021-07-26 23:12:05 INFO  class:16 - In School Management Student Controller
2021-07-26 23:12:05 INFO  class:17 - In Add Student Details Method
2021-07-26 23:12:05 INFO  class:18 - In School Management Student Service
2021-07-26 23:12:05 INFO  class:19 - In Add Student Details Method
2021-07-26 23:12:05 INFO  class:22 - In School Management Student DAO
2021-07-26 23:12:05 INFO  class:23 - In Add Student Details Method
2021-07-26 23:12:32 INFO  class:16 - In School Management Student Controller
2021-07-26 23:12:32 INFO  class:17 - In Add Student Details Method
2021-07-26 23:12:32 INFO  class:18 - In School Management Student Service
2021-07-26 23:12:32 INFO  class:19 - In Add Student Details Method
2021-07-26 23:12:32 INFO  class:22 - In School Management Student DAO
2021-07-26 23:12:32 INFO  class:23 - In Add Student Details Method
2021-07-26 23:13:28 INFO  class:19 - In School Management Teacher Application
2021-07-26 23:14:11 INFO  class:17 - In School Management Teacher Controller
2021-07-26 23:14:11 INFO  class:18 - In Add Teacher Details Method
2021-07-26 23:14:11 INFO  class:19 - In School Management Teacher Service
2021-07-26 23:14:11 INFO  class:20 - In Add Student Details Method
2021-07-26 23:14:11 INFO  class:22 - In School Management Teacher DAO
2021-07-26 23:14:11 INFO  class:23 - In Add Teacher Details Method
2021-07-26 23:15:11 INFO  class:17 - In School Management Teacher Controller
2021-07-26 23:15:11 INFO  class:18 - In Add Teacher Details Method
2021-07-26 23:15:11 INFO  class:19 - In School Management Teacher Service
2021-07-26 23:15:11 INFO  class:20 - In Add Student Details Method
2021-07-26 23:15:11 INFO  class:22 - In School Management Teacher DAO
2021-07-26 23:15:11 INFO  class:23 - In Add Teacher Details Method
2021-07-27 09:51:22 INFO  class:21 - In School Management Student Application
2021-07-27 09:52:58 INFO  class:16 - In School Management Student Controller
2021-07-27 09:52:58 INFO  class:17 - In Add Student Details Method
2021-07-27 09:52:58 INFO  class:18 - In School Management Student Service
2021-07-27 09:52:58 INFO  class:19 - In Add Student Details Method
2021-07-27 09:52:58 INFO  class:22 - In School Management Student DAO
2021-07-27 09:52:58 INFO  class:23 - In Add Student Details Method
2021-07-27 09:54:48 INFO  class:21 - In School Management Student Application
2021-07-27 09:54:56 INFO  class:27 - In School Management Student Controller
2021-07-27 09:54:56 INFO  class:28 - In Read All Student Details Method
2021-07-27 09:54:56 INFO  class:23 - In Read All Student Details Method
2021-07-27 09:54:56 INFO  class:40 - In School Management Student DAO
2021-07-27 09:54:56 INFO  class:41 - In Read All Student Details Method
2021-07-27 09:56:40 INFO  class:21 - In School Management Student Application
2021-07-27 09:56:47 INFO  class:40 - In School Management Student Controller
2021-07-27 09:56:47 INFO  class:41 - In Read Student Details Method
2021-07-27 09:56:47 INFO  class:32 - In School Management Student Service
2021-07-27 09:56:47 INFO  class:33 - In Read Student Details Method
2021-07-27 09:56:47 INFO  class:66 - In School Management Student DAO
2021-07-27 09:56:47 INFO  class:67 - In Read Student Details Method
2021-07-27 09:57:18 INFO  class:21 - In School Management Student Application
2021-07-27 09:57:25 INFO  class:40 - In School Management Student Controller
2021-07-27 09:57:25 INFO  class:41 - In Read Student Details Method
2021-07-27 09:57:25 INFO  class:32 - In School Management Student Service
2021-07-27 09:57:25 INFO  class:33 - In Read Student Details Method
2021-07-27 09:57:25 INFO  class:66 - In School Management Student DAO
2021-07-27 09:57:25 INFO  class:67 - In Read Student Details Method
2021-07-27 09:57:57 INFO  class:21 - In School Management Student Application
2021-07-27 09:58:01 INFO  class:55 - In School Management Student Controller
2021-07-27 09:58:01 INFO  class:56 - In Update Student Details Method
2021-07-27 09:58:01 INFO  class:43 - In School Management Student Service
2021-07-27 09:58:01 INFO  class:44 - In Update Student Details Method
2021-07-27 09:58:01 INFO  class:93 - In School Management Student DAO
2021-07-27 09:58:01 INFO  class:94 - In Update Student Details Method
2021-07-27 09:58:45 INFO  class:21 - In School Management Student Application
2021-07-27 09:58:48 INFO  class:55 - In School Management Student Controller
2021-07-27 09:58:48 INFO  class:56 - In Update Student Details Method
2021-07-27 09:58:48 INFO  class:43 - In School Management Student Service
2021-07-27 09:58:48 INFO  class:44 - In Update Student Details Method
2021-07-27 09:58:48 INFO  class:93 - In School Management Student DAO
2021-07-27 09:58:48 INFO  class:94 - In Update Student Details Method
2021-07-27 10:00:15 INFO  class:21 - In School Management Student Application
2021-07-27 10:00:18 INFO  class:66 - In School Management Student Controller
2021-07-27 10:00:18 INFO  class:67 - In Delete Student Details Method
2021-07-27 10:00:18 INFO  class:53 - In School Management Student Service
2021-07-27 10:00:18 INFO  class:54 - In Delete Student Details Method
2021-07-27 10:00:18 INFO  class:168 - In School Management Student DAO
2021-07-27 10:00:18 INFO  class:169 - In Delete Student Details Method
2021-07-27 10:03:13 INFO  class:19 - In School Management Teacher Application
2021-07-27 10:05:08 INFO  class:17 - In School Management Teacher Controller
2021-07-27 10:05:08 INFO  class:18 - In Add Teacher Details Method
2021-07-27 10:05:08 INFO  class:19 - In School Management Teacher Service
2021-07-27 10:05:08 INFO  class:20 - In Add Student Details Method
2021-07-27 10:05:08 INFO  class:22 - In School Management Teacher DAO
2021-07-27 10:05:08 INFO  class:23 - In Add Teacher Details Method
2021-07-27 10:06:39 INFO  class:17 - In School Management Teacher Controller
2021-07-27 10:06:39 INFO  class:18 - In Add Teacher Details Method
2021-07-27 10:06:39 INFO  class:19 - In School Management Teacher Service
2021-07-27 10:06:39 INFO  class:20 - In Add Student Details Method
2021-07-27 10:06:39 INFO  class:22 - In School Management Teacher DAO
2021-07-27 10:06:39 INFO  class:23 - In Add Teacher Details Method
2021-07-27 10:07:14 INFO  class:19 - In School Management Teacher Application
2021-07-27 10:07:20 INFO  class:28 - In School Management Teacher Controller
2021-07-27 10:07:20 INFO  class:29 - In Read All Teacher Details Method
2021-07-27 10:07:20 INFO  class:25 - In School Management Teacher Service
2021-07-27 10:07:20 INFO  class:26 - In Read All Teacher Details Method
2021-07-27 10:07:20 INFO  class:41 - In School Management Teacher DAO
2021-07-27 10:07:20 INFO  class:42 - In Read All Teacher Details Method
2021-07-27 10:07:36 INFO  class:19 - In School Management Teacher Application
2021-07-27 10:07:41 INFO  class:41 - In School Management Teacher Controller
2021-07-27 10:07:41 INFO  class:42 - In Read Teacher Details Method
2021-07-27 10:07:41 INFO  class:35 - In School Management Teacher Service
2021-07-27 10:07:41 INFO  class:36 - In Read Teacher Details Method
2021-07-27 10:07:41 INFO  class:68 - In School Management Teacher DAO
2021-07-27 10:07:41 INFO  class:69 - In Read Teacher Details Method
2021-07-27 10:08:17 INFO  class:19 - In School Management Teacher Application
2021-07-27 10:08:21 INFO  class:55 - In School Management Teacher Controller
2021-07-27 10:08:21 INFO  class:56 - In Update Teacher Details Method
2021-07-27 10:08:21 INFO  class:45 - In School Management Teacher Service
2021-07-27 10:08:21 INFO  class:46 - In Update Teacher Details Method
2021-07-27 10:08:21 INFO  class:97 - In School Management Teacher DAO
2021-07-27 10:08:21 INFO  class:98 - In Update Teacher Details Method
2021-07-27 13:55:19 INFO  class:21 - In School Management Student Application
2021-07-27 13:56:02 INFO  class:16 - In School Management Student Controller
2021-07-27 13:56:02 INFO  class:17 - In Add Student Details Method
2021-07-27 13:56:02 INFO  class:18 - In School Management Student Service
2021-07-27 13:56:02 INFO  class:19 - In Add Student Details Method
2021-07-27 13:56:02 INFO  class:22 - In School Management Student DAO
2021-07-27 13:56:02 INFO  class:23 - In Add Student Details Method
2021-07-27 13:56:34 INFO  class:16 - In School Management Student Controller
2021-07-27 13:56:34 INFO  class:17 - In Add Student Details Method
2021-07-27 13:56:34 INFO  class:18 - In School Management Student Service
2021-07-27 13:56:34 INFO  class:19 - In Add Student Details Method
2021-07-27 13:56:34 INFO  class:22 - In School Management Student DAO
2021-07-27 13:56:34 INFO  class:23 - In Add Student Details Method
2021-07-27 13:56:59 INFO  class:16 - In School Management Student Controller
2021-07-27 13:56:59 INFO  class:17 - In Add Student Details Method
2021-07-27 13:56:59 INFO  class:18 - In School Management Student Service
2021-07-27 13:56:59 INFO  class:19 - In Add Student Details Method
2021-07-27 13:56:59 INFO  class:22 - In School Management Student DAO
2021-07-27 13:56:59 INFO  class:23 - In Add Student Details Method
2021-07-27 13:57:28 INFO  class:16 - In School Management Student Controller
2021-07-27 13:57:28 INFO  class:17 - In Add Student Details Method
2021-07-27 13:57:28 INFO  class:18 - In School Management Student Service
2021-07-27 13:57:28 INFO  class:19 - In Add Student Details Method
2021-07-27 13:57:28 INFO  class:22 - In School Management Student DAO
2021-07-27 13:57:28 INFO  class:23 - In Add Student Details Method
2021-07-27 13:57:55 INFO  class:19 - In School Management Teacher Application
2021-07-27 13:58:32 INFO  class:17 - In School Management Teacher Controller
2021-07-27 13:58:32 INFO  class:18 - In Add Teacher Details Method
2021-07-27 13:58:32 INFO  class:19 - In School Management Teacher Service
2021-07-27 13:58:32 INFO  class:20 - In Add Student Details Method
2021-07-27 13:58:32 INFO  class:22 - In School Management Teacher DAO
2021-07-27 13:58:32 INFO  class:23 - In Add Teacher Details Method
2021-07-27 13:59:30 INFO  class:17 - In School Management Teacher Controller
2021-07-27 13:59:30 INFO  class:18 - In Add Teacher Details Method
2021-07-27 13:59:30 INFO  class:19 - In School Management Teacher Service
2021-07-27 13:59:30 INFO  class:20 - In Add Student Details Method
2021-07-27 13:59:30 INFO  class:22 - In School Management Teacher DAO
2021-07-27 13:59:30 INFO  class:23 - In Add Teacher Details Method
2021-07-27 16:51:10 INFO  class:40 - In School Management Student DAO
2021-07-27 16:51:10 INFO  class:41 - In Read All Student Details Method
2021-07-27 16:51:49 INFO  class:40 - In School Management Student DAO
2021-07-27 16:51:49 INFO  class:41 - In Read All Student Details Method
2021-07-27 16:53:46 INFO  class:40 - In School Management Student DAO
2021-07-27 16:53:46 INFO  class:41 - In Read All Student Details Method
2021-07-27 16:53:47 INFO  class:66 - In School Management Student DAO
2021-07-27 16:53:47 INFO  class:67 - In Read Student Details Method
2021-07-27 19:01:25 INFO  class:40 - In School Management Student DAO
2021-07-27 19:01:25 INFO  class:41 - In Read All Student Details Method
2021-07-27 19:01:26 INFO  class:65 - In School Management Student DAO
2021-07-27 19:01:26 INFO  class:66 - In Read Student Details Method
2021-07-27 21:21:34 INFO  class:22 - In School Management Student Application
2021-07-27 22:16:42 INFO  class:46 - In School Management Student Application
2021-07-27 22:16:48 INFO  class:27 - In School Management Student Controller
2021-07-27 22:16:48 INFO  class:28 - In Read All Student Details Method
2021-07-27 22:16:48 INFO  class:25 - In Read All Student Details Method
2021-07-27 22:16:48 INFO  class:43 - In School Management Student DAO
2021-07-27 22:16:48 INFO  class:44 - In Read All Student Details Method
2021-07-27 22:40:34 INFO  class:169 - In School Management Student DAO
2021-07-27 22:40:34 INFO  class:170 - In Delete Student Details Method
2021-07-27 22:41:33 INFO  class:169 - In School Management Student DAO
2021-07-27 22:41:33 INFO  class:170 - In Delete Student Details Method
2021-07-27 22:42:31 INFO  class:43 - In School Management Student DAO
2021-07-27 22:42:31 INFO  class:44 - In Read All Student Details Method
2021-07-27 22:42:49 INFO  class:169 - In School Management Student DAO
2021-07-27 22:42:49 INFO  class:170 - In Delete Student Details Method
2021-07-27 22:43:35 INFO  class:21 - In School Management Student Controller
2021-07-27 22:43:35 INFO  class:22 - In Add Student Details Method
2021-07-27 22:43:35 INFO  class:20 - In School Management Student Service
2021-07-27 22:43:35 INFO  class:21 - In Add Student Details Method
2021-07-27 22:43:35 INFO  class:25 - In School Management Student DAO
2021-07-27 22:43:35 INFO  class:26 - In Add Student Details Method
2021-07-27 22:43:35 INFO  class:43 - In School Management Student DAO
2021-07-27 22:43:35 INFO  class:44 - In Read All Student Details Method
2021-07-27 22:43:35 INFO  class:68 - In School Management Student DAO
2021-07-27 22:43:35 INFO  class:69 - In Read Student Details Method
2021-07-27 23:01:09 INFO  class:21 - In School Management Teacher Controller
2021-07-27 23:01:09 INFO  class:22 - In Add Teacher Details Method
2021-07-27 23:01:09 INFO  class:20 - In School Management Teacher Service
2021-07-27 23:01:09 INFO  class:21 - In Add Student Details Method
2021-07-27 23:01:09 INFO  class:24 - In School Management Teacher DAO
2021-07-27 23:01:09 INFO  class:25 - In Add Teacher Details Method
2021-07-27 23:01:09 INFO  class:69 - In School Management Teacher DAO
2021-07-27 23:01:09 INFO  class:70 - In Read Teacher Details Method
2021-07-27 23:01:24 INFO  class:43 - In School Management Teacher DAO
2021-07-27 23:01:24 INFO  class:44 - In Read All Teacher Details Method
2021-07-27 23:01:24 INFO  class:183 - In School Management Teacher DAO
2021-07-27 23:01:24 INFO  class:184 - In Delete Teacher Details Method
2021-07-28 09:13:34 INFO  class:46 - In School Management Student Application
2021-07-28 09:14:31 INFO  class:46 - In School Management Student Application
2021-07-28 09:23:44 INFO  class:169 - In School Management Student DAO
2021-07-28 09:23:44 INFO  class:170 - In Delete Student Details Method
2021-07-28 09:26:21 INFO  class:46 - In School Management Student Application
2021-07-28 09:29:03 INFO  class:21 - In School Management Student Controller
2021-07-28 09:29:03 INFO  class:22 - In Add Student Details Method
2021-07-28 09:29:03 INFO  class:20 - In School Management Student Service
2021-07-28 09:29:03 INFO  class:21 - In Add Student Details Method
2021-07-28 09:29:03 INFO  class:25 - In School Management Student DAO
2021-07-28 09:29:03 INFO  class:26 - In Add Student Details Method
2021-07-28 09:29:56 INFO  class:21 - In School Management Student Controller
2021-07-28 09:29:56 INFO  class:22 - In Add Student Details Method
2021-07-28 09:29:56 INFO  class:20 - In School Management Student Service
2021-07-28 09:29:56 INFO  class:21 - In Add Student Details Method
2021-07-28 09:29:56 INFO  class:25 - In School Management Student DAO
2021-07-28 09:29:56 INFO  class:26 - In Add Student Details Method
2021-07-28 09:30:28 INFO  class:21 - In School Management Student Controller
2021-07-28 09:30:28 INFO  class:22 - In Add Student Details Method
2021-07-28 09:30:28 INFO  class:20 - In School Management Student Service
2021-07-28 09:30:28 INFO  class:21 - In Add Student Details Method
2021-07-28 09:30:28 INFO  class:25 - In School Management Student DAO
2021-07-28 09:30:28 INFO  class:26 - In Add Student Details Method
2021-07-28 09:31:28 INFO  class:21 - In School Management Student Controller
2021-07-28 09:31:28 INFO  class:22 - In Add Student Details Method
2021-07-28 09:31:28 INFO  class:20 - In School Management Student Service
2021-07-28 09:31:28 INFO  class:21 - In Add Student Details Method
2021-07-28 09:31:28 INFO  class:25 - In School Management Student DAO
2021-07-28 09:31:28 INFO  class:26 - In Add Student Details Method
2021-07-28 09:47:46 INFO  class:46 - In School Management Student Application
2021-07-28 09:47:52 INFO  class:27 - In School Management Student Controller
2021-07-28 09:47:52 INFO  class:28 - In Read All Student Details Method
2021-07-28 09:47:52 INFO  class:25 - In Read All Student Details Method
2021-07-28 09:47:52 INFO  class:43 - In School Management Student DAO
2021-07-28 09:47:52 INFO  class:44 - In Read All Student Details Method
2021-07-28 09:48:39 INFO  class:46 - In School Management Student Application
2021-07-28 09:48:54 INFO  class:51 - In School Management Student Controller
2021-07-28 09:48:54 INFO  class:52 - In Update Student Details Method
2021-07-28 09:48:54 INFO  class:45 - In School Management Student Service
2021-07-28 09:48:54 INFO  class:46 - In Update Student Details Method
2021-07-28 09:48:54 INFO  class:94 - In School Management Student DAO
2021-07-28 09:48:54 INFO  class:95 - In Update Student Details Method
2021-07-28 09:51:07 INFO  class:169 - In School Management Student DAO
2021-07-28 09:51:07 INFO  class:170 - In Delete Student Details Method
2021-07-28 09:51:46 INFO  class:21 - In School Management Student Controller
2021-07-28 09:51:46 INFO  class:22 - In Add Student Details Method
2021-07-28 09:51:46 INFO  class:20 - In School Management Student Service
2021-07-28 09:51:46 INFO  class:21 - In Add Student Details Method
2021-07-28 09:51:46 INFO  class:25 - In School Management Student DAO
2021-07-28 09:51:46 INFO  class:26 - In Add Student Details Method
2021-07-28 09:51:46 INFO  class:43 - In School Management Student DAO
2021-07-28 09:51:46 INFO  class:44 - In Read All Student Details Method
2021-07-28 09:52:05 INFO  class:94 - In School Management Student DAO
2021-07-28 09:52:05 INFO  class:95 - In Update Student Details Method
2021-07-28 09:52:24 INFO  class:68 - In School Management Student DAO
2021-07-28 09:52:24 INFO  class:69 - In Read Student Details Method
2021-07-28 09:53:35 INFO  class:169 - In School Management Student DAO
2021-07-28 09:53:35 INFO  class:170 - In Delete Student Details Method
2021-07-28 09:54:08 INFO  class:21 - In School Management Student Controller
2021-07-28 09:54:08 INFO  class:22 - In Add Student Details Method
2021-07-28 09:54:08 INFO  class:20 - In School Management Student Service
2021-07-28 09:54:08 INFO  class:21 - In Add Student Details Method
2021-07-28 09:54:08 INFO  class:25 - In School Management Student DAO
2021-07-28 09:54:08 INFO  class:26 - In Add Student Details Method
2021-07-28 09:54:08 INFO  class:43 - In School Management Student DAO
2021-07-28 09:54:08 INFO  class:44 - In Read All Student Details Method
2021-07-28 09:54:20 INFO  class:94 - In School Management Student DAO
2021-07-28 09:54:20 INFO  class:95 - In Update Student Details Method
2021-07-28 09:54:37 INFO  class:68 - In School Management Student DAO
2021-07-28 09:54:37 INFO  class:69 - In Read Student Details Method
2021-07-28 10:06:24 INFO  class:47 - In School Management Teacher Application
2021-07-28 10:07:23 INFO  class:21 - In School Management Teacher Controller
2021-07-28 10:07:23 INFO  class:22 - In Add Teacher Details Method
2021-07-28 10:07:23 INFO  class:20 - In School Management Teacher Service
2021-07-28 10:07:23 INFO  class:21 - In Add Student Details Method
2021-07-28 10:07:23 INFO  class:24 - In School Management Teacher DAO
2021-07-28 10:07:23 INFO  class:25 - In Add Teacher Details Method
2021-07-28 10:08:39 INFO  class:21 - In School Management Teacher Controller
2021-07-28 10:08:39 INFO  class:22 - In Add Teacher Details Method
2021-07-28 10:08:39 INFO  class:20 - In School Management Teacher Service
2021-07-28 10:08:39 INFO  class:21 - In Add Student Details Method
2021-07-28 10:08:39 INFO  class:24 - In School Management Teacher DAO
2021-07-28 10:08:39 INFO  class:25 - In Add Teacher Details Method
2021-07-28 10:09:40 INFO  class:21 - In School Management Teacher Controller
2021-07-28 10:09:40 INFO  class:22 - In Add Teacher Details Method
2021-07-28 10:09:40 INFO  class:20 - In School Management Teacher Service
2021-07-28 10:09:40 INFO  class:21 - In Add Student Details Method
2021-07-28 10:09:40 INFO  class:24 - In School Management Teacher DAO
2021-07-28 10:09:40 INFO  class:25 - In Add Teacher Details Method
2021-07-28 10:11:52 INFO  class:21 - In School Management Teacher Controller
2021-07-28 10:11:52 INFO  class:22 - In Add Teacher Details Method
2021-07-28 10:11:52 INFO  class:20 - In School Management Teacher Service
2021-07-28 10:11:52 INFO  class:21 - In Add Student Details Method
2021-07-28 10:11:52 INFO  class:24 - In School Management Teacher DAO
2021-07-28 10:11:52 INFO  class:25 - In Add Teacher Details Method
2021-07-28 10:11:52 INFO  class:69 - In School Management Teacher DAO
2021-07-28 10:11:52 INFO  class:70 - In Read Teacher Details Method
2021-07-28 10:12:00 INFO  class:43 - In School Management Teacher DAO
2021-07-28 10:12:00 INFO  class:44 - In Read All Teacher Details Method
2021-07-28 10:12:08 INFO  class:97 - In School Management Teacher DAO
2021-07-28 10:12:08 INFO  class:98 - In Update Teacher Details Method
2021-07-28 10:12:38 INFO  class:183 - In School Management Teacher DAO
2021-07-28 10:12:38 INFO  class:184 - In Delete Teacher Details Method
2021-07-28 11:01:51 INFO  class:21 - In School Management Teacher Controller
2021-07-28 11:01:51 INFO  class:22 - In Add Teacher Details Method
2021-07-28 11:01:51 INFO  class:20 - In School Management Teacher Service
2021-07-28 11:01:51 INFO  class:21 - In Add Student Details Method
2021-07-28 11:01:51 INFO  class:24 - In School Management Teacher DAO
2021-07-28 11:01:51 INFO  class:25 - In Add Teacher Details Method
2021-07-28 11:01:51 INFO  class:69 - In School Management Teacher DAO
2021-07-28 11:01:51 INFO  class:70 - In Read Teacher Details Method
2021-07-28 11:01:58 INFO  class:43 - In School Management Teacher DAO
2021-07-28 11:01:58 INFO  class:44 - In Read All Teacher Details Method
2021-07-28 11:02:08 INFO  class:97 - In School Management Teacher DAO
2021-07-28 11:02:08 INFO  class:98 - In Update Teacher Details Method
2021-07-28 11:02:36 INFO  class:183 - In School Management Teacher DAO
2021-07-28 11:02:36 INFO  class:184 - In Delete Teacher Details Method
2021-07-28 14:28:37 INFO  class:46 - In School Management Student Application
2021-07-28 14:32:41 INFO  class:46 - In School Management Student Application
2021-07-28 14:33:15 INFO  class:21 - In School Management Student Controller
2021-07-28 14:33:15 INFO  class:22 - In Add Student Details Method
2021-07-28 14:33:15 INFO  class:20 - In School Management Student Service
2021-07-28 14:33:15 INFO  class:21 - In Add Student Details Method
2021-07-28 14:33:15 INFO  class:25 - In School Management Student DAO
2021-07-28 14:33:15 INFO  class:26 - In Add Student Details Method
2021-07-28 14:34:11 INFO  class:46 - In School Management Student Application
2021-07-28 14:34:34 INFO  class:21 - In School Management Student Controller
2021-07-28 14:34:34 INFO  class:22 - In Add Student Details Method
2021-07-28 14:34:34 INFO  class:20 - In School Management Student Service
2021-07-28 14:34:34 INFO  class:21 - In Add Student Details Method
2021-07-28 14:34:34 INFO  class:25 - In School Management Student DAO
2021-07-28 14:34:34 INFO  class:26 - In Add Student Details Method
2021-07-28 14:35:50 INFO  class:46 - In School Management Student Application
2021-07-28 14:35:54 INFO  class:56 - In School Management Student Controller
2021-07-28 14:35:54 INFO  class:57 - In Delete Student Details Method
2021-07-28 14:35:54 INFO  class:51 - In School Management Student Service
2021-07-28 14:35:54 INFO  class:52 - In Delete Student Details Method
2021-07-28 14:35:54 INFO  class:169 - In School Management Student DAO
2021-07-28 14:35:54 INFO  class:170 - In Delete Student Details Method
2021-07-28 14:37:44 INFO  class:169 - In School Management Student DAO
2021-07-28 14:37:44 INFO  class:170 - In Delete Student Details Method
2021-07-28 14:38:33 INFO  class:169 - In School Management Student DAO
2021-07-28 14:38:33 INFO  class:170 - In Delete Student Details Method
2021-07-28 14:39:09 INFO  class:21 - In School Management Student Controller
2021-07-28 14:39:09 INFO  class:22 - In Add Student Details Method
2021-07-28 14:39:09 INFO  class:20 - In School Management Student Service
2021-07-28 14:39:09 INFO  class:21 - In Add Student Details Method
2021-07-28 14:39:09 INFO  class:25 - In School Management Student DAO
2021-07-28 14:39:09 INFO  class:26 - In Add Student Details Method
2021-07-28 14:39:09 INFO  class:43 - In School Management Student DAO
2021-07-28 14:39:09 INFO  class:44 - In Read All Student Details Method
2021-07-28 15:51:19 INFO  class:43 - In School Management Student DAO
2021-07-28 15:51:19 INFO  class:44 - In Read All Student Details Method
2021-07-28 15:51:19 INFO  class:68 - In School Management Student DAO
2021-07-28 15:51:19 INFO  class:69 - In Read Student Details Method
2021-08-02 16:21:47 INFO  class:46 - In School Management Student Application
2021-08-02 16:22:06 INFO  class:27 - In School Management Student Controller
2021-08-02 16:22:06 INFO  class:28 - In Read All Student Details Method
2021-08-02 16:22:06 INFO  class:25 - In Read All Student Details Method
2021-08-02 16:22:06 INFO  class:43 - In School Management Student DAO
2021-08-02 16:22:06 INFO  class:44 - In Read All Student Details Method
2021-08-02 16:23:05 INFO  class:47 - In School Management Teacher Application
2021-08-02 16:23:13 INFO  class:26 - In School Management Teacher Controller
2021-08-02 16:23:13 INFO  class:27 - In Read All Teacher Details Method
2021-08-02 16:23:13 INFO  class:26 - In School Management Teacher Service
2021-08-02 16:23:13 INFO  class:27 - In Read All Teacher Details Method
2021-08-02 16:23:13 INFO  class:43 - In School Management Teacher DAO
2021-08-02 16:23:13 INFO  class:44 - In Read All Teacher Details Method
2021-08-22 14:42:30 INFO  class:46 - In School Management Student Application
2021-08-22 14:44:08 INFO  class:46 - In School Management Student Application
